<?xml version="1.0" encoding="UTF-8"?>
<testsuite xmlns:xsi="http://www.w3.org/2001/XMLSchema-instance" xsi:noNamespaceSchemaLocation="https://maven.apache.org/surefire/maven-surefire-plugin/xsd/surefire-test-report-3.0.xsd" version="3.0" name="pl.edu.pw.ee.aisd2024zex1.sorters.insort.InsertionSortTest" time="0.496" tests="8" errors="0" skipped="0" failures="0">
  <properties>
    <property name="java.specification.version" value="22"/>
    <property name="sun.jnu.encoding" value="UTF-8"/>
    <property name="java.class.path" value="/Users/KontoStudia/Downloads/AiSD2024ZEx1 3/target/test-classes:/Users/KontoStudia/Downloads/AiSD2024ZEx1 3/target/classes:/Users/KontoStudia/.m2/repository/junit/junit/4.13.2/junit-4.13.2.jar:/Users/KontoStudia/.m2/repository/org/hamcrest/hamcrest-core/1.3/hamcrest-core-1.3.jar:/Users/KontoStudia/.m2/repository/org/assertj/assertj-core/3.26.3/assertj-core-3.26.3.jar:/Users/KontoStudia/.m2/repository/net/bytebuddy/byte-buddy/1.14.18/byte-buddy-1.14.18.jar:"/>
    <property name="java.vm.vendor" value="Oracle Corporation"/>
    <property name="sun.arch.data.model" value="64"/>
    <property name="java.vendor.url" value="https://java.oracle.com/"/>
    <property name="os.name" value="Mac OS X"/>
    <property name="java.vm.specification.version" value="22"/>
    <property name="sun.java.launcher" value="SUN_STANDARD"/>
    <property name="user.country" value="PL"/>
    <property name="sun.boot.library.path" value="/Library/Java/JavaVirtualMachines/jdk-22.jdk/Contents/Home/lib"/>
    <property name="sun.java.command" value="/Users/KontoStudia/Downloads/AiSD2024ZEx1 3/target/surefire/surefirebooter-20241022140853423_3.jar /Users/KontoStudia/Downloads/AiSD2024ZEx1 3/target/surefire 2024-10-22T14-08-52_197-jvmRun1 surefire-20241022140853423_1tmp surefire_0-20241022140853423_2tmp"/>
    <property name="http.nonProxyHosts" value="local|*.local|169.254/16|*.169.254/16"/>
    <property name="jdk.debug" value="release"/>
    <property name="surefire.test.class.path" value="/Users/KontoStudia/Downloads/AiSD2024ZEx1 3/target/test-classes:/Users/KontoStudia/Downloads/AiSD2024ZEx1 3/target/classes:/Users/KontoStudia/.m2/repository/junit/junit/4.13.2/junit-4.13.2.jar:/Users/KontoStudia/.m2/repository/org/hamcrest/hamcrest-core/1.3/hamcrest-core-1.3.jar:/Users/KontoStudia/.m2/repository/org/assertj/assertj-core/3.26.3/assertj-core-3.26.3.jar:/Users/KontoStudia/.m2/repository/net/bytebuddy/byte-buddy/1.14.18/byte-buddy-1.14.18.jar:"/>
    <property name="sun.cpu.endian" value="little"/>
    <property name="user.home" value="/Users/KontoStudia"/>
    <property name="user.language" value="pl"/>
    <property name="java.specification.vendor" value="Oracle Corporation"/>
    <property name="java.version.date" value="2024-04-16"/>
    <property name="java.home" value="/Library/Java/JavaVirtualMachines/jdk-22.jdk/Contents/Home"/>
    <property name="file.separator" value="/"/>
    <property name="basedir" value="/Users/KontoStudia/Downloads/AiSD2024ZEx1 3"/>
    <property name="java.vm.compressedOopsMode" value="Zero based"/>
    <property name="line.separator" value="&#10;"/>
    <property name="java.vm.specification.vendor" value="Oracle Corporation"/>
    <property name="java.specification.name" value="Java Platform API Specification"/>
    <property name="apple.awt.application.name" value="ForkedBooter"/>
    <property name="surefire.real.class.path" value="/Users/KontoStudia/Downloads/AiSD2024ZEx1 3/target/surefire/surefirebooter-20241022140853423_3.jar"/>
    <property name="sun.management.compiler" value="HotSpot 64-Bit Tiered Compilers"/>
    <property name="ftp.nonProxyHosts" value="local|*.local|169.254/16|*.169.254/16"/>
    <property name="java.runtime.version" value="22.0.1+8-16"/>
    <property name="user.name" value="KontoStudia"/>
    <property name="stdout.encoding" value="UTF-8"/>
    <property name="path.separator" value=":"/>
    <property name="os.version" value="14.5"/>
    <property name="java.runtime.name" value="Java(TM) SE Runtime Environment"/>
    <property name="file.encoding" value="UTF-8"/>
    <property name="java.vm.name" value="Java HotSpot(TM) 64-Bit Server VM"/>
    <property name="localRepository" value="/Users/KontoStudia/.m2/repository"/>
    <property name="java.vendor.url.bug" value="https://bugreport.java.com/bugreport/"/>
    <property name="java.io.tmpdir" value="/var/folders/qp/28zcf30520x7gnc5592d6mh40000gr/T/"/>
    <property name="idea.version" value="2024.1"/>
    <property name="java.version" value="22.0.1"/>
    <property name="user.dir" value="/Users/KontoStudia/Downloads/AiSD2024ZEx1 3"/>
    <property name="os.arch" value="x86_64"/>
    <property name="java.vm.specification.name" value="Java Virtual Machine Specification"/>
    <property name="native.encoding" value="UTF-8"/>
    <property name="java.library.path" value="/Users/KontoStudia/Library/Java/Extensions:/Library/Java/Extensions:/Network/Library/Java/Extensions:/System/Library/Java/Extensions:/usr/lib/java:."/>
    <property name="java.vm.info" value="mixed mode, sharing"/>
    <property name="stderr.encoding" value="UTF-8"/>
    <property name="java.vendor" value="Oracle Corporation"/>
    <property name="java.vm.version" value="22.0.1+8-16"/>
    <property name="sun.io.unicode.encoding" value="UnicodeBig"/>
    <property name="socksNonProxyHosts" value="local|*.local|169.254/16|*.169.254/16"/>
    <property name="java.class.version" value="66.0"/>
  </properties>
  <testcase name="should_CorrectlySort_When_UnsortedSizeIsOdd" classname="pl.edu.pw.ee.aisd2024zex1.sorters.insort.InsertionSortTest" time="0.083"/>
  <testcase name="should_CorrectlySort_When_UnsortedSizeIsEven" classname="pl.edu.pw.ee.aisd2024zex1.sorters.insort.InsertionSortTest" time="0.0"/>
  <testcase name="should_ReturnEmptyArray_When_InputIsEmpty" classname="pl.edu.pw.ee.aisd2024zex1.sorters.insort.InsertionSortTest" time="0.0"/>
  <testcase name="should_CorrectlySort_When_SmallDataFromMyOwnExample" classname="pl.edu.pw.ee.aisd2024zex1.sorters.insort.InsertionSortTest" time="0.0"/>
  <testcase name="should_CorrectlyAscendingSort_When_InputIsRandomAndHuge" classname="pl.edu.pw.ee.aisd2024zex1.sorters.insort.InsertionSortTest" time="0.358"/>
  <testcase name="should_CorrectlySort_When_OnlyFirstIsWrong" classname="pl.edu.pw.ee.aisd2024zex1.sorters.insort.InsertionSortTest" time="0.001"/>
  <testcase name="should_CorrectlySort_When_OnlyLastIsWrong" classname="pl.edu.pw.ee.aisd2024zex1.sorters.insort.InsertionSortTest" time="0.0"/>
  <testcase name="should_ThrowException_When_InputIsNull" classname="pl.edu.pw.ee.aisd2024zex1.sorters.insort.InsertionSortTest" time="0.004"/>
</testsuite>